# JRE version: OpenJDK Runtime Environment (11.0.8) (build 11.0.8+0-b944-P17168821)
# Java VM: OpenJDK 64-Bit Server VM (11.0.8+0-b944-6842174, mixed mode, tiered, compressed oops, g1 gc, linux-amd64)
Heap:
 garbage-first heap   total 296960K, used 129240K [0x0000000080000000, 0x0000000100000000)
  region size 1024K, 1 young (1024K), 1 survivors (1024K)
 Metaspace       used 106979K, capacity 109541K, committed 109904K, reserved 1144832K
  class space    used 13538K, capacity 14435K, committed 14464K, reserved 1048576K
GC Heap History (20 events):
Event: 48.207 GC heap after
{Heap after GC invocations=52 (full 0):
 garbage-first heap   total 209920K, used 115391K [0x0000000080000000, 0x0000000100000000)
  region size 1024K, 6 young (6144K), 6 survivors (6144K)
 Metaspace       used 96477K, capacity 98891K, committed 99280K, reserved 1134592K
  class space    used 12346K, capacity 13215K, committed 13312K, reserved 1048576K
}
Event: 48.536 GC heap before
{Heap before GC invocations=52 (full 0):
 garbage-first heap   total 209920K, used 174783K [0x0000000080000000, 0x0000000100000000)
  region size 1024K, 65 young (66560K), 6 survivors (6144K)
 Metaspace       used 96539K, capacity 98955K, committed 99280K, reserved 1134592K
  class space    used 12346K, capacity 13215K, committed 13312K, reserved 1048576K
}
Event: 48.544 GC heap after
{Heap after GC invocations=53 (full 0):
 garbage-first heap   total 209920K, used 115415K [0x0000000080000000, 0x0000000100000000)
  region size 1024K, 5 young (5120K), 5 survivors (5120K)
 Metaspace       used 96539K, capacity 98955K, committed 99280K, reserved 1134592K
  class space    used 12346K, capacity 13215K, committed 13312K, reserved 1048576K
}
Event: 48.860 GC heap before
{Heap before GC invocations=53 (full 0):
 garbage-first heap   total 209920K, used 175831K [0x0000000080000000, 0x0000000100000000)
  region size 1024K, 65 young (66560K), 5 survivors (5120K)
 Metaspace       used 96634K, capacity 99089K, committed 99280K, reserved 1134592K
  class space    used 12346K, capacity 13216K, committed 13312K, reserved 1048576K
}
Event: 48.868 GC heap after
{Heap after GC invocations=54 (full 0):
 garbage-first heap   total 209920K, used 116347K [0x0000000080000000, 0x0000000100000000)
  region size 1024K, 6 young (6144K), 6 survivors (6144K)
 Metaspace       used 96634K, capacity 99089K, committed 99280K, reserved 1134592K
  class space    used 12346K, capacity 13216K, committed 13312K, reserved 1048576K
}
Event: 49.369 GC heap before
{Heap before GC invocations=55 (full 0):
 garbage-first heap   total 209920K, used 177787K [0x0000000080000000, 0x0000000100000000)
  region size 1024K, 66 young (67584K), 6 survivors (6144K)
 Metaspace       used 96799K, capacity 99166K, committed 99536K, reserved 1136640K
  class space    used 12345K, capacity 13198K, committed 13312K, reserved 1048576K
}
Event: 49.377 GC heap after
{Heap after GC invocations=56 (full 0):
 garbage-first heap   total 209920K, used 116437K [0x0000000080000000, 0x0000000100000000)
  region size 1024K, 6 young (6144K), 6 survivors (6144K)
 Metaspace       used 96799K, capacity 99166K, committed 99536K, reserved 1136640K
  class space    used 12345K, capacity 13198K, committed 13312K, reserved 1048576K
}
Event: 49.685 GC heap before
{Heap before GC invocations=56 (full 0):
 garbage-first heap   total 209920K, used 177877K [0x0000000080000000, 0x0000000100000000)
  region size 1024K, 66 young (67584K), 6 survivors (6144K)
 Metaspace       used 96812K, capacity 99231K, committed 99536K, reserved 1136640K
  class space    used 12345K, capacity 13198K, committed 13312K, reserved 1048576K
}
Event: 49.692 GC heap after
{Heap after GC invocations=57 (full 0):
 garbage-first heap   total 209920K, used 116492K [0x0000000080000000, 0x0000000100000000)
  region size 1024K, 5 young (5120K), 5 survivors (5120K)
 Metaspace       used 96812K, capacity 99231K, committed 99536K, reserved 1136640K
  class space    used 12345K, capacity 13198K, committed 13312K, reserved 1048576K
}
Event: 51.465 GC heap before
{Heap before GC invocations=58 (full 0):
 garbage-first heap   total 209920K, used 178956K [0x0000000080000000, 0x0000000100000000)
  region size 1024K, 66 young (67584K), 5 survivors (5120K)
 Metaspace       used 101473K, capacity 103808K, committed 104144K, reserved 1140736K
  class space    used 12927K, capacity 13755K, committed 13824K, reserved 1048576K
}
Event: 51.485 GC heap after
{Heap after GC invocations=59 (full 0):
 garbage-first heap   total 209920K, used 118777K [0x0000000080000000, 0x0000000100000000)
  region size 1024K, 8 young (8192K), 8 survivors (8192K)
 Metaspace       used 101473K, capacity 103808K, committed 104144K, reserved 1140736K
  class space    used 12927K, capacity 13755K, committed 13824K, reserved 1048576K
}
Event: 52.578 GC heap before
{Heap before GC invocations=59 (full 0):
 garbage-first heap   total 209920K, used 178169K [0x0000000080000000, 0x0000000100000000)
  region size 1024K, 67 young (68608K), 8 survivors (8192K)
 Metaspace       used 102326K, capacity 104979K, committed 105296K, reserved 1140736K
  class space    used 13006K, capacity 13890K, committed 13952K, reserved 1048576K
}
Event: 52.604 GC heap after
{Heap after GC invocations=60 (full 0):
 garbage-first heap   total 209920K, used 123336K [0x0000000080000000, 0x0000000100000000)
  region size 1024K, 9 young (9216K), 9 survivors (9216K)
 Metaspace       used 102326K, capacity 104979K, committed 105296K, reserved 1140736K
  class space    used 13006K, capacity 13890K, committed 13952K, reserved 1048576K
}
Event: 53.649 GC heap before
{Heap before GC invocations=61 (full 0):
 garbage-first heap   total 209920K, used 175560K [0x0000000080000000, 0x0000000100000000)
  region size 1024K, 62 young (63488K), 9 survivors (9216K)
 Metaspace       used 106467K, capacity 109072K, committed 109392K, reserved 1144832K
  class space    used 13499K, capacity 14399K, committed 14464K, reserved 1048576K
}
Event: 53.690 GC heap after
{Heap after GC invocations=62 (full 0):
 garbage-first heap   total 209920K, used 126033K [0x0000000080000000, 0x0000000100000000)
  region size 1024K, 4 young (4096K), 4 survivors (4096K)
 Metaspace       used 106467K, capacity 109072K, committed 109392K, reserved 1144832K
  class space    used 13499K, capacity 14399K, committed 14464K, reserved 1048576K
}
Event: 54.880 GC heap before
{Heap before GC invocations=62 (full 0):
 garbage-first heap   total 209920K, used 177233K [0x0000000080000000, 0x0000000100000000)
  region size 1024K, 55 young (56320K), 4 survivors (4096K)
 Metaspace       used 106759K, capacity 109349K, committed 109648K, reserved 1144832K
  class space    used 13519K, capacity 14400K, committed 14464K, reserved 1048576K
}
Event: 54.931 GC heap after
{Heap after GC invocations=63 (full 0):
 garbage-first heap   total 209920K, used 128309K [0x0000000080000000, 0x0000000100000000)
  region size 1024K, 7 young (7168K), 7 survivors (7168K)
 Metaspace       used 106759K, capacity 109349K, committed 109648K, reserved 1144832K
  class space    used 13519K, capacity 14400K, committed 14464K, reserved 1048576K
}
Event: 55.875 GC heap before
{Heap before GC invocations=64 (full 0):
 garbage-first heap   total 209920K, used 177461K [0x0000000080000000, 0x0000000100000000)
  region size 1024K, 56 young (57344K), 7 survivors (7168K)
 Metaspace       used 106893K, capacity 109442K, committed 109648K, reserved 1144832K
  class space    used 13528K, capacity 14402K, committed 14464K, reserved 1048576K
}
Event: 55.904 GC heap after
{Heap after GC invocations=65 (full 0):
 garbage-first heap   total 209920K, used 130237K [0x0000000080000000, 0x0000000100000000)
  region size 1024K, 5 young (5120K), 5 survivors (5120K)
 Metaspace       used 106893K, capacity 109442K, committed 109648K, reserved 1144832K
  class space    used 13528K, capacity 14402K, committed 14464K, reserved 1048576K
}
Event: 57.359 GC heap before
{Heap before GC invocations=65 (full 0):
 garbage-first heap   total 209920K, used 134333K [0x0000000080000000, 0x0000000100000000)
  region size 1024K, 10 young (10240K), 5 survivors (5120K)
 Metaspace       used 106979K, capacity 109541K, committed 109904K, reserved 1144832K
  class space    used 13538K, capacity 14435K, committed 14464K, reserved 1048576K
}

